{"/Users/atsushi/projects/personal/tutorials/cordwars/src/drivingSchool2.ts": {"path":"/Users/atsushi/projects/personal/tutorials/cordwars/src/drivingSchool2.ts","statementMap":{"0":{"start":{"line":1,"column":13},"end":{"line":19,"column":null}},"1":{"start":{"line":2,"column":28},"end":{"line":2,"column":30}},"2":{"start":{"line":3,"column":27},"end":{"line":3,"column":29}},"3":{"start":{"line":4,"column":22},"end":{"line":4,"column":23}},"4":{"start":{"line":5,"column":13},"end":{"line":5,"column":30}},"5":{"start":{"line":7,"column":2},"end":{"line":7,"column":44}},"6":{"start":{"line":7,"column":32},"end":{"line":7,"column":44}},"7":{"start":{"line":8,"column":2},"end":{"line":8,"column":19}},"8":{"start":{"line":10,"column":2},"end":{"line":10,"column":50}},"9":{"start":{"line":10,"column":18},"end":{"line":10,"column":50}},"10":{"start":{"line":12,"column":2},"end":{"line":12,"column":37}},"11":{"start":{"line":13,"column":2},"end":{"line":13,"column":19}},"12":{"start":{"line":15,"column":2},"end":{"line":15,"column":39}},"13":{"start":{"line":15,"column":27},"end":{"line":15,"column":39}},"14":{"start":{"line":16,"column":2},"end":{"line":16,"column":27}},"15":{"start":{"line":18,"column":2},"end":{"line":18,"column":14}}},"fnMap":{"0":{"name":"(anonymous_0)","decl":{"start":{"line":1,"column":20},"end":{"line":1,"column":21}},"loc":{"start":{"line":1,"column":37},"end":{"line":19,"column":1}}}},"branchMap":{"0":{"loc":{"start":{"line":7,"column":2},"end":{"line":7,"column":44}},"type":"if","locations":[{"start":{"line":7,"column":2},"end":{"line":7,"column":44}},{"start":{"line":7,"column":2},"end":{"line":7,"column":44}}]},"1":{"loc":{"start":{"line":10,"column":2},"end":{"line":10,"column":50}},"type":"if","locations":[{"start":{"line":10,"column":2},"end":{"line":10,"column":50}},{"start":{"line":10,"column":2},"end":{"line":10,"column":50}}]},"2":{"loc":{"start":{"line":15,"column":2},"end":{"line":15,"column":39}},"type":"if","locations":[{"start":{"line":15,"column":2},"end":{"line":15,"column":39}},{"start":{"line":15,"column":2},"end":{"line":15,"column":39}}]}},"s":{"0":1,"1":6,"2":6,"3":6,"4":6,"5":6,"6":2,"7":4,"8":4,"9":1,"10":3,"11":3,"12":3,"13":2,"14":1,"15":1},"f":{"0":6},"b":{"0":[2,4],"1":[1,3],"2":[2,1]}}
}
